0 info it worked if it ends with ok
1 verbose cli [ 'node', '/home/julio/.nvm/v0.10.36/bin/npm', 'add-user' ]
2 info using npm@2.6.1
3 info using node@v0.10.36
4 verbose stack Error: canceled
4 verbose stack     at Interface.<anonymous> (/home/julio/.nvm/v0.10.36/lib/node_modules/npm/node_modules/read/lib/read.js:66:13)
4 verbose stack     at Interface.emit (events.js:92:17)
4 verbose stack     at Interface._ttyWrite (readline.js:621:16)
4 verbose stack     at ReadStream.onkeypress (readline.js:100:10)
4 verbose stack     at ReadStream.emit (events.js:98:17)
4 verbose stack     at emitKey (readline.js:1096:12)
4 verbose stack     at ReadStream.onData (readline.js:841:14)
4 verbose stack     at ReadStream.emit (events.js:95:17)
4 verbose stack     at ReadStream.<anonymous> (_stream_readable.js:765:14)
4 verbose stack     at ReadStream.emit (events.js:92:17)
5 verbose cwd /home/julio/_git/azuki/insight-keen-io
6 error Linux 3.19.3-200.fc21.x86_64
7 error argv "node" "/home/julio/.nvm/v0.10.36/bin/npm" "add-user"
8 error node v0.10.36
9 error npm  v2.6.1
10 error canceled
11 error If you need help, you may report this error at:
11 error     <http://github.com/npm/npm/issues>
12 verbose exit [ 1, true ]
